2023-02-02 11:01:55 INFO  Log:23 - ****************************** Starting test cases execution  *****************************************
2023-02-02 11:01:59 INFO  Log:23 - ****************************** starting test case *****************************************
2023-02-02 11:01:59 INFO  Log:23 - ****************************** loginDataTest *****************************************
2023-02-02 11:02:01 INFO  Log:23 - ****************************** Starting test cases execution  *****************************************
2023-02-02 11:02:03 INFO  Log:23 - ****************************** starting test case *****************************************
2023-02-02 11:02:03 INFO  Log:23 - ****************************** loginDataTest *****************************************
2023-02-02 11:02:25 INFO  Log:23 - ****************************** Starting test cases execution  *****************************************
2023-02-02 11:02:28 INFO  Log:23 - ****************************** starting test case *****************************************
2023-02-02 11:02:28 INFO  Log:23 - ****************************** loginDataTest *****************************************
2023-02-02 11:02:29 INFO  Log:23 - ****************************** Starting test cases execution  *****************************************
2023-02-02 11:02:32 INFO  Log:23 - ****************************** starting test case *****************************************
2023-02-02 11:02:32 INFO  Log:23 - ****************************** loginDataTest *****************************************
2023-02-02 11:02:56 INFO  Log:12 - =====================================LoginPageTest TEST START=========================================
2023-02-02 11:02:56 INFO  Log:48 - entering application URL
2023-02-02 11:02:56 INFO  Log:23 - ****************************** starting test case *****************************************
2023-02-02 11:02:56 INFO  Log:23 - ****************************** loginPageTitleTest *****************************************
2023-02-02 11:02:57 INFO  Log:23 - ****************************** Browser is closed *****************************************
2023-02-02 11:02:59 INFO  Log:12 - =====================================LoginPageTest TEST START=========================================
2023-02-02 11:02:59 INFO  Log:48 - entering application URL
2023-02-02 11:02:59 INFO  Log:23 - ****************************** starting test case *****************************************
2023-02-02 11:02:59 INFO  Log:23 - ****************************** swagLogoImageTest *****************************************
2023-02-02 11:03:00 INFO  Log:23 - ****************************** Browser is closed *****************************************
2023-02-02 11:03:03 INFO  Log:12 - =====================================LoginPageTest TEST START=========================================
2023-02-02 11:03:03 INFO  Log:48 - entering application URL
2023-02-02 11:03:03 INFO  Log:23 - ****************************** starting test case *****************************************
2023-02-02 11:03:03 INFO  Log:23 - ****************************** loginTest *****************************************
2023-02-02 11:03:04 INFO  Log:23 - ****************************** Browser is closed *****************************************
2023-02-02 12:27:36 INFO  Log:23 - ****************************** Starting test cases execution  *****************************************
2023-02-02 12:27:42 INFO  Log:23 - ****************************** starting test case *****************************************
2023-02-02 12:27:42 INFO  Log:23 - ****************************** loginDataTest *****************************************
2023-02-02 12:27:44 INFO  Log:23 - ****************************** Starting test cases execution  *****************************************
2023-02-02 12:27:46 INFO  Log:23 - ****************************** starting test case *****************************************
2023-02-02 12:27:46 INFO  Log:23 - ****************************** loginDataTest *****************************************
2023-02-02 12:28:08 INFO  Log:23 - ****************************** Starting test cases execution  *****************************************
2023-02-02 12:28:11 INFO  Log:23 - ****************************** starting test case *****************************************
2023-02-02 12:28:11 INFO  Log:23 - ****************************** loginDataTest *****************************************
2023-02-02 12:28:12 INFO  Log:23 - ****************************** Starting test cases execution  *****************************************
2023-02-02 12:28:15 INFO  Log:23 - ****************************** starting test case *****************************************
2023-02-02 12:28:15 INFO  Log:23 - ****************************** loginDataTest *****************************************
2023-02-02 12:28:38 INFO  Log:12 - =====================================LoginPageTest TEST START=========================================
2023-02-02 12:28:38 INFO  Log:48 - entering application URL
2023-02-02 12:28:38 INFO  Log:23 - ****************************** starting test case *****************************************
2023-02-02 12:28:38 INFO  Log:23 - ****************************** loginPageTitleTest *****************************************
2023-02-02 12:28:39 INFO  Log:23 - ****************************** Browser is closed *****************************************
2023-02-02 12:28:42 INFO  Log:12 - =====================================LoginPageTest TEST START=========================================
2023-02-02 12:28:42 INFO  Log:48 - entering application URL
2023-02-02 12:28:42 INFO  Log:23 - ****************************** starting test case *****************************************
2023-02-02 12:28:42 INFO  Log:23 - ****************************** swagLogoImageTest *****************************************
2023-02-02 12:28:43 INFO  Log:23 - ****************************** Browser is closed *****************************************
2023-02-02 12:28:45 INFO  Log:12 - =====================================LoginPageTest TEST START=========================================
2023-02-02 12:28:45 INFO  Log:48 - entering application URL
2023-02-02 12:28:45 INFO  Log:23 - ****************************** starting test case *****************************************
2023-02-02 12:28:45 INFO  Log:23 - ****************************** loginTest *****************************************
2023-02-02 12:28:47 INFO  Log:23 - ****************************** Browser is closed *****************************************
2023-02-02 12:34:52 INFO  Log:23 - ****************************** Starting test cases execution  *****************************************
2023-02-02 12:34:56 INFO  Log:23 - ****************************** starting test case *****************************************
2023-02-02 12:34:56 INFO  Log:23 - ****************************** loginDataTest *****************************************
2023-02-02 12:34:58 INFO  Log:23 - ****************************** Starting test cases execution  *****************************************
2023-02-02 12:35:00 INFO  Log:23 - ****************************** starting test case *****************************************
2023-02-02 12:35:00 INFO  Log:23 - ****************************** loginDataTest *****************************************
2023-02-02 12:35:22 INFO  Log:23 - ****************************** Starting test cases execution  *****************************************
2023-02-02 12:35:24 INFO  Log:23 - ****************************** starting test case *****************************************
2023-02-02 12:35:24 INFO  Log:23 - ****************************** loginDataTest *****************************************
2023-02-02 12:35:26 INFO  Log:23 - ****************************** Starting test cases execution  *****************************************
2023-02-02 12:35:28 INFO  Log:23 - ****************************** starting test case *****************************************
2023-02-02 12:35:28 INFO  Log:23 - ****************************** loginDataTest *****************************************
2023-02-02 12:35:53 INFO  Log:12 - =====================================LoginPageTest TEST START=========================================
2023-02-02 12:35:53 INFO  Log:48 - entering application URL
2023-02-02 12:35:53 INFO  Log:23 - ****************************** starting test case *****************************************
2023-02-02 12:35:53 INFO  Log:23 - ****************************** loginPageTitleTest *****************************************
2023-02-02 12:35:54 INFO  Log:23 - ****************************** Browser is closed *****************************************
2023-02-02 12:35:56 INFO  Log:12 - =====================================LoginPageTest TEST START=========================================
2023-02-02 12:35:56 INFO  Log:48 - entering application URL
2023-02-02 12:35:56 INFO  Log:23 - ****************************** starting test case *****************************************
2023-02-02 12:35:56 INFO  Log:23 - ****************************** swagLogoImageTest *****************************************
2023-02-02 12:35:57 INFO  Log:23 - ****************************** Browser is closed *****************************************
2023-02-02 12:36:00 INFO  Log:12 - =====================================LoginPageTest TEST START=========================================
2023-02-02 12:36:00 INFO  Log:48 - entering application URL
2023-02-02 12:36:00 INFO  Log:23 - ****************************** starting test case *****************************************
2023-02-02 12:36:00 INFO  Log:23 - ****************************** loginTest *****************************************
2023-02-02 12:36:01 INFO  Log:23 - ****************************** Browser is closed *****************************************
2023-02-02 12:36:20 INFO  Log:23 - ****************************** Starting test cases execution  *****************************************
2023-02-02 12:36:24 INFO  Log:23 - ****************************** starting test case *****************************************
2023-02-02 12:36:24 INFO  Log:23 - ****************************** loginDataTest *****************************************
2023-02-02 12:36:25 INFO  Log:23 - ****************************** Starting test cases execution  *****************************************
2023-02-02 12:36:28 INFO  Log:23 - ****************************** starting test case *****************************************
2023-02-02 12:36:28 INFO  Log:23 - ****************************** loginDataTest *****************************************
2023-02-02 12:36:44 INFO  Log:23 - ****************************** Starting test cases execution  *****************************************
2023-02-02 12:36:47 INFO  Log:23 - ****************************** starting test case *****************************************
2023-02-02 12:36:47 INFO  Log:23 - ****************************** loginDataTest *****************************************
2023-02-02 12:36:48 INFO  Log:23 - ****************************** Starting test cases execution  *****************************************
2023-02-02 12:36:51 INFO  Log:23 - ****************************** starting test case *****************************************
2023-02-02 12:36:51 INFO  Log:23 - ****************************** loginDataTest *****************************************
2023-02-02 12:37:15 INFO  Log:12 - =====================================LoginPageTest TEST START=========================================
2023-02-02 12:37:15 INFO  Log:48 - entering application URL
2023-02-02 12:37:15 INFO  Log:23 - ****************************** starting test case *****************************************
2023-02-02 12:37:15 INFO  Log:23 - ****************************** loginPageTitleTest *****************************************
2023-02-02 12:37:16 INFO  Log:23 - ****************************** Browser is closed *****************************************
2023-02-02 12:37:18 INFO  Log:12 - =====================================LoginPageTest TEST START=========================================
2023-02-02 12:37:18 INFO  Log:48 - entering application URL
2023-02-02 12:37:18 INFO  Log:23 - ****************************** starting test case *****************************************
2023-02-02 12:37:18 INFO  Log:23 - ****************************** swagLogoImageTest *****************************************
2023-02-02 12:37:19 INFO  Log:23 - ****************************** Browser is closed *****************************************
2023-02-02 12:37:22 INFO  Log:12 - =====================================LoginPageTest TEST START=========================================
2023-02-02 12:37:22 INFO  Log:48 - entering application URL
2023-02-02 12:37:22 INFO  Log:23 - ****************************** starting test case *****************************************
2023-02-02 12:37:22 INFO  Log:23 - ****************************** loginTest *****************************************
2023-02-02 12:37:23 INFO  Log:23 - ****************************** Browser is closed *****************************************
2023-02-02 12:45:36 INFO  Log:23 - ****************************** Starting test cases execution  *****************************************
2023-02-02 12:45:40 INFO  Log:23 - ****************************** starting test case *****************************************
2023-02-02 12:45:40 INFO  Log:23 - ****************************** loginDataTest *****************************************
2023-02-02 12:45:42 INFO  Log:23 - ****************************** Starting test cases execution  *****************************************
2023-02-02 12:45:45 INFO  Log:23 - ****************************** starting test case *****************************************
2023-02-02 12:45:45 INFO  Log:23 - ****************************** loginDataTest *****************************************
2023-02-02 12:46:07 INFO  Log:23 - ****************************** Starting test cases execution  *****************************************
2023-02-02 12:46:09 INFO  Log:23 - ****************************** starting test case *****************************************
2023-02-02 12:46:09 INFO  Log:23 - ****************************** loginDataTest *****************************************
2023-02-02 12:46:11 INFO  Log:23 - ****************************** Starting test cases execution  *****************************************
2023-02-02 12:46:13 INFO  Log:23 - ****************************** starting test case *****************************************
2023-02-02 12:46:13 INFO  Log:23 - ****************************** loginDataTest *****************************************
2023-02-02 12:46:37 INFO  Log:12 - =====================================LoginPageTest TEST START=========================================
2023-02-02 12:46:37 INFO  Log:48 - entering application URL
2023-02-02 12:46:37 INFO  Log:23 - ****************************** starting test case *****************************************
2023-02-02 12:46:37 INFO  Log:23 - ****************************** loginPageTitleTest *****************************************
2023-02-02 12:46:38 INFO  Log:23 - ****************************** Browser is closed *****************************************
2023-02-02 12:46:40 INFO  Log:12 - =====================================LoginPageTest TEST START=========================================
2023-02-02 12:46:40 INFO  Log:48 - entering application URL
2023-02-02 12:46:40 INFO  Log:23 - ****************************** starting test case *****************************************
2023-02-02 12:46:40 INFO  Log:23 - ****************************** swagLogoImageTest *****************************************
2023-02-02 12:46:41 INFO  Log:23 - ****************************** Browser is closed *****************************************
2023-02-02 12:46:44 INFO  Log:12 - =====================================LoginPageTest TEST START=========================================
2023-02-02 12:46:44 INFO  Log:48 - entering application URL
2023-02-02 12:46:44 INFO  Log:23 - ****************************** starting test case *****************************************
2023-02-02 12:46:44 INFO  Log:23 - ****************************** loginTest *****************************************
2023-02-02 12:46:45 INFO  Log:23 - ****************************** Browser is closed *****************************************
2023-02-02 12:52:44 INFO  Log:23 - ****************************** Starting test cases execution  *****************************************
2023-02-02 12:52:47 INFO  Log:23 - ****************************** starting test case *****************************************
2023-02-02 12:52:47 INFO  Log:23 - ****************************** loginDataTest *****************************************
2023-02-02 12:52:49 INFO  Log:23 - ****************************** Starting test cases execution  *****************************************
2023-02-02 12:52:52 INFO  Log:23 - ****************************** starting test case *****************************************
2023-02-02 12:52:52 INFO  Log:23 - ****************************** loginDataTest *****************************************
2023-02-02 12:53:13 INFO  Log:23 - ****************************** Starting test cases execution  *****************************************
2023-02-02 12:53:16 INFO  Log:23 - ****************************** starting test case *****************************************
2023-02-02 12:53:16 INFO  Log:23 - ****************************** loginDataTest *****************************************
2023-02-02 12:53:17 INFO  Log:23 - ****************************** Starting test cases execution  *****************************************
2023-02-02 12:53:20 INFO  Log:23 - ****************************** starting test case *****************************************
2023-02-02 12:53:20 INFO  Log:23 - ****************************** loginDataTest *****************************************
2023-02-02 12:53:44 INFO  Log:12 - =====================================LoginPageTest TEST START=========================================
2023-02-02 12:53:44 INFO  Log:48 - entering application URL
2023-02-02 12:53:44 INFO  Log:23 - ****************************** starting test case *****************************************
2023-02-02 12:53:44 INFO  Log:23 - ****************************** loginPageTitleTest *****************************************
2023-02-02 12:53:45 INFO  Log:23 - ****************************** Browser is closed *****************************************
2023-02-02 12:53:47 INFO  Log:12 - =====================================LoginPageTest TEST START=========================================
2023-02-02 12:53:47 INFO  Log:48 - entering application URL
2023-02-02 12:53:47 INFO  Log:23 - ****************************** starting test case *****************************************
2023-02-02 12:53:47 INFO  Log:23 - ****************************** swagLogoImageTest *****************************************
2023-02-02 12:53:48 INFO  Log:23 - ****************************** Browser is closed *****************************************
2023-02-02 12:53:51 INFO  Log:12 - =====================================LoginPageTest TEST START=========================================
2023-02-02 12:53:51 INFO  Log:48 - entering application URL
2023-02-02 12:53:51 INFO  Log:23 - ****************************** starting test case *****************************************
2023-02-02 12:53:51 INFO  Log:23 - ****************************** loginTest *****************************************
2023-02-02 12:53:52 INFO  Log:23 - ****************************** Browser is closed *****************************************
2023-02-02 13:01:36 INFO  Log:23 - ****************************** Starting test cases execution  *****************************************
2023-02-02 13:01:40 INFO  Log:23 - ****************************** starting test case *****************************************
2023-02-02 13:01:40 INFO  Log:23 - ****************************** loginDataTest *****************************************
2023-02-02 13:01:43 INFO  Log:23 - ****************************** Starting test cases execution  *****************************************
2023-02-02 13:01:45 INFO  Log:23 - ****************************** starting test case *****************************************
2023-02-02 13:01:45 INFO  Log:23 - ****************************** loginDataTest *****************************************
2023-02-02 13:02:11 INFO  Log:23 - ****************************** Starting test cases execution  *****************************************
2023-02-02 13:02:17 INFO  Log:23 - ****************************** starting test case *****************************************
2023-02-02 13:02:17 INFO  Log:23 - ****************************** loginDataTest *****************************************
2023-02-02 13:02:23 INFO  Log:23 - ****************************** Starting test cases execution  *****************************************
2023-02-02 13:02:29 INFO  Log:23 - ****************************** starting test case *****************************************
2023-02-02 13:02:29 INFO  Log:23 - ****************************** loginDataTest *****************************************
2023-02-02 13:02:56 INFO  Log:12 - =====================================LoginPageTest TEST START=========================================
2023-02-02 13:02:56 INFO  Log:48 - entering application URL
2023-02-02 13:02:56 INFO  Log:23 - ****************************** starting test case *****************************************
2023-02-02 13:02:56 INFO  Log:23 - ****************************** loginPageTitleTest *****************************************
2023-02-02 13:02:57 INFO  Log:23 - ****************************** Browser is closed *****************************************
2023-02-02 13:02:59 INFO  Log:12 - =====================================LoginPageTest TEST START=========================================
2023-02-02 13:02:59 INFO  Log:48 - entering application URL
2023-02-02 13:02:59 INFO  Log:23 - ****************************** starting test case *****************************************
2023-02-02 13:02:59 INFO  Log:23 - ****************************** swagLogoImageTest *****************************************
2023-02-02 13:03:00 INFO  Log:23 - ****************************** Browser is closed *****************************************
2023-02-02 13:03:03 INFO  Log:12 - =====================================LoginPageTest TEST START=========================================
2023-02-02 13:03:03 INFO  Log:48 - entering application URL
2023-02-02 13:03:03 INFO  Log:23 - ****************************** starting test case *****************************************
2023-02-02 13:03:03 INFO  Log:23 - ****************************** loginTest *****************************************
2023-02-02 13:03:04 INFO  Log:23 - ****************************** Browser is closed *****************************************
2023-02-02 13:20:32 INFO  Log:23 - ****************************** Starting test cases execution  *****************************************
2023-02-02 13:20:36 INFO  Log:23 - ****************************** starting test case *****************************************
2023-02-02 13:20:36 INFO  Log:23 - ****************************** loginDataTest *****************************************
2023-02-02 13:20:38 INFO  Log:23 - ****************************** Starting test cases execution  *****************************************
2023-02-02 13:20:41 INFO  Log:23 - ****************************** starting test case *****************************************
2023-02-02 13:20:41 INFO  Log:23 - ****************************** loginDataTest *****************************************
2023-02-02 13:21:02 INFO  Log:23 - ****************************** Starting test cases execution  *****************************************
2023-02-02 13:21:05 INFO  Log:23 - ****************************** starting test case *****************************************
2023-02-02 13:21:05 INFO  Log:23 - ****************************** loginDataTest *****************************************
2023-02-02 13:21:07 INFO  Log:23 - ****************************** Starting test cases execution  *****************************************
2023-02-02 13:21:09 INFO  Log:23 - ****************************** starting test case *****************************************
2023-02-02 13:21:09 INFO  Log:23 - ****************************** loginDataTest *****************************************
2023-02-02 13:21:33 INFO  Log:12 - =====================================LoginPageTest TEST START=========================================
2023-02-02 13:21:33 INFO  Log:48 - entering application URL
2023-02-02 13:21:33 INFO  Log:23 - ****************************** starting test case *****************************************
2023-02-02 13:21:33 INFO  Log:23 - ****************************** loginPageTitleTest *****************************************
2023-02-02 13:21:34 INFO  Log:23 - ****************************** Browser is closed *****************************************
2023-02-02 13:21:37 INFO  Log:12 - =====================================LoginPageTest TEST START=========================================
2023-02-02 13:21:37 INFO  Log:48 - entering application URL
2023-02-02 13:21:37 INFO  Log:23 - ****************************** starting test case *****************************************
2023-02-02 13:21:37 INFO  Log:23 - ****************************** swagLogoImageTest *****************************************
2023-02-02 13:21:38 INFO  Log:23 - ****************************** Browser is closed *****************************************
2023-02-02 13:21:41 INFO  Log:12 - =====================================LoginPageTest TEST START=========================================
2023-02-02 13:21:41 INFO  Log:48 - entering application URL
2023-02-02 13:21:41 INFO  Log:23 - ****************************** starting test case *****************************************
2023-02-02 13:21:41 INFO  Log:23 - ****************************** loginTest *****************************************
2023-02-02 13:21:43 INFO  Log:23 - ****************************** Browser is closed *****************************************
2023-02-02 13:30:28 INFO  Log:23 - ****************************** Starting test cases execution  *****************************************
2023-02-02 13:30:33 INFO  Log:23 - ****************************** starting test case *****************************************
2023-02-02 13:30:33 INFO  Log:23 - ****************************** loginDataTest *****************************************
2023-02-02 13:30:35 INFO  Log:23 - ****************************** Starting test cases execution  *****************************************
2023-02-02 13:30:37 INFO  Log:23 - ****************************** starting test case *****************************************
2023-02-02 13:30:37 INFO  Log:23 - ****************************** loginDataTest *****************************************
2023-02-02 13:30:59 INFO  Log:23 - ****************************** Starting test cases execution  *****************************************
2023-02-02 13:31:01 INFO  Log:23 - ****************************** starting test case *****************************************
2023-02-02 13:31:01 INFO  Log:23 - ****************************** loginDataTest *****************************************
2023-02-02 13:31:03 INFO  Log:23 - ****************************** Starting test cases execution  *****************************************
2023-02-02 13:31:05 INFO  Log:23 - ****************************** starting test case *****************************************
2023-02-02 13:31:05 INFO  Log:23 - ****************************** loginDataTest *****************************************
2023-02-02 13:31:29 INFO  Log:12 - =====================================LoginPageTest TEST START=========================================
2023-02-02 13:31:29 INFO  Log:48 - entering application URL
2023-02-02 13:31:29 INFO  Log:23 - ****************************** starting test case *****************************************
2023-02-02 13:31:29 INFO  Log:23 - ****************************** loginPageTitleTest *****************************************
2023-02-02 13:31:30 INFO  Log:23 - ****************************** Browser is closed *****************************************
2023-02-02 13:31:33 INFO  Log:12 - =====================================LoginPageTest TEST START=========================================
2023-02-02 13:31:33 INFO  Log:48 - entering application URL
2023-02-02 13:31:33 INFO  Log:23 - ****************************** starting test case *****************************************
2023-02-02 13:31:33 INFO  Log:23 - ****************************** swagLogoImageTest *****************************************
2023-02-02 13:31:34 INFO  Log:23 - ****************************** Browser is closed *****************************************
2023-02-02 13:31:36 INFO  Log:12 - =====================================LoginPageTest TEST START=========================================
2023-02-02 13:31:36 INFO  Log:48 - entering application URL
2023-02-02 13:31:36 INFO  Log:23 - ****************************** starting test case *****************************************
2023-02-02 13:31:36 INFO  Log:23 - ****************************** loginTest *****************************************
2023-02-02 13:31:38 INFO  Log:23 - ****************************** Browser is closed *****************************************
2023-02-02 14:14:47 INFO  Log:23 - ****************************** Starting test cases execution  *****************************************
2023-02-02 14:14:51 INFO  Log:23 - ****************************** starting test case *****************************************
2023-02-02 14:14:51 INFO  Log:23 - ****************************** loginDataTest *****************************************
2023-02-02 14:14:53 INFO  Log:23 - ****************************** Starting test cases execution  *****************************************
2023-02-02 14:14:55 INFO  Log:23 - ****************************** starting test case *****************************************
2023-02-02 14:14:55 INFO  Log:23 - ****************************** loginDataTest *****************************************
2023-02-02 14:15:17 INFO  Log:23 - ****************************** Starting test cases execution  *****************************************
2023-02-02 14:15:19 INFO  Log:23 - ****************************** starting test case *****************************************
2023-02-02 14:15:19 INFO  Log:23 - ****************************** loginDataTest *****************************************
2023-02-02 14:15:21 INFO  Log:23 - ****************************** Starting test cases execution  *****************************************
2023-02-02 14:15:23 INFO  Log:23 - ****************************** starting test case *****************************************
2023-02-02 14:15:23 INFO  Log:23 - ****************************** loginDataTest *****************************************
2023-02-02 14:15:47 INFO  Log:12 - =====================================LoginPageTest TEST START=========================================
2023-02-02 14:15:47 INFO  Log:48 - entering application URL
2023-02-02 14:15:47 INFO  Log:23 - ****************************** starting test case *****************************************
2023-02-02 14:15:47 INFO  Log:23 - ****************************** loginPageTitleTest *****************************************
2023-02-02 14:15:48 INFO  Log:23 - ****************************** Browser is closed *****************************************
2023-02-02 14:15:50 INFO  Log:12 - =====================================LoginPageTest TEST START=========================================
2023-02-02 14:15:50 INFO  Log:48 - entering application URL
2023-02-02 14:15:50 INFO  Log:23 - ****************************** starting test case *****************************************
2023-02-02 14:15:50 INFO  Log:23 - ****************************** swagLogoImageTest *****************************************
2023-02-02 14:15:51 INFO  Log:23 - ****************************** Browser is closed *****************************************
2023-02-02 14:15:54 INFO  Log:12 - =====================================LoginPageTest TEST START=========================================
2023-02-02 14:15:54 INFO  Log:48 - entering application URL
2023-02-02 14:15:54 INFO  Log:23 - ****************************** starting test case *****************************************
2023-02-02 14:15:54 INFO  Log:23 - ****************************** loginTest *****************************************
2023-02-02 14:15:55 INFO  Log:23 - ****************************** Browser is closed *****************************************
2023-02-02 14:20:20 INFO  Log:23 - ****************************** Starting test cases execution  *****************************************
2023-02-02 14:20:24 INFO  Log:23 - ****************************** starting test case *****************************************
2023-02-02 14:20:24 INFO  Log:23 - ****************************** loginDataTest *****************************************
2023-02-02 14:20:26 INFO  Log:23 - ****************************** Starting test cases execution  *****************************************
2023-02-02 14:20:29 INFO  Log:23 - ****************************** starting test case *****************************************
2023-02-02 14:20:29 INFO  Log:23 - ****************************** loginDataTest *****************************************
2023-02-02 14:20:50 INFO  Log:23 - ****************************** Starting test cases execution  *****************************************
2023-02-02 14:20:53 INFO  Log:23 - ****************************** starting test case *****************************************
2023-02-02 14:20:53 INFO  Log:23 - ****************************** loginDataTest *****************************************
2023-02-02 14:20:54 INFO  Log:23 - ****************************** Starting test cases execution  *****************************************
2023-02-02 14:20:57 INFO  Log:23 - ****************************** starting test case *****************************************
2023-02-02 14:20:57 INFO  Log:23 - ****************************** loginDataTest *****************************************
2023-02-02 14:21:21 INFO  Log:12 - =====================================LoginPageTest TEST START=========================================
2023-02-02 14:21:21 INFO  Log:48 - entering application URL
2023-02-02 14:21:21 INFO  Log:23 - ****************************** starting test case *****************************************
2023-02-02 14:21:21 INFO  Log:23 - ****************************** loginPageTitleTest *****************************************
2023-02-02 14:21:22 INFO  Log:23 - ****************************** Browser is closed *****************************************
2023-02-02 14:21:24 INFO  Log:12 - =====================================LoginPageTest TEST START=========================================
2023-02-02 14:21:24 INFO  Log:48 - entering application URL
2023-02-02 14:21:24 INFO  Log:23 - ****************************** starting test case *****************************************
2023-02-02 14:21:24 INFO  Log:23 - ****************************** swagLogoImageTest *****************************************
2023-02-02 14:21:25 INFO  Log:23 - ****************************** Browser is closed *****************************************
2023-02-02 14:21:28 INFO  Log:12 - =====================================LoginPageTest TEST START=========================================
2023-02-02 14:21:28 INFO  Log:48 - entering application URL
2023-02-02 14:21:28 INFO  Log:23 - ****************************** starting test case *****************************************
2023-02-02 14:21:28 INFO  Log:23 - ****************************** loginTest *****************************************
2023-02-02 14:21:29 INFO  Log:23 - ****************************** Browser is closed *****************************************
2023-02-02 14:24:55 INFO  Log:23 - ****************************** Starting test cases execution  *****************************************
2023-02-02 14:24:59 INFO  Log:23 - ****************************** starting test case *****************************************
2023-02-02 14:24:59 INFO  Log:23 - ****************************** loginDataTest *****************************************
2023-02-02 14:25:01 INFO  Log:23 - ****************************** Starting test cases execution  *****************************************
2023-02-02 14:25:03 INFO  Log:23 - ****************************** starting test case *****************************************
2023-02-02 14:25:03 INFO  Log:23 - ****************************** loginDataTest *****************************************
2023-02-02 14:25:25 INFO  Log:23 - ****************************** Starting test cases execution  *****************************************
2023-02-02 14:25:28 INFO  Log:23 - ****************************** starting test case *****************************************
2023-02-02 14:25:28 INFO  Log:23 - ****************************** loginDataTest *****************************************
2023-02-02 14:25:29 INFO  Log:23 - ****************************** Starting test cases execution  *****************************************
2023-02-02 14:25:32 INFO  Log:23 - ****************************** starting test case *****************************************
2023-02-02 14:25:32 INFO  Log:23 - ****************************** loginDataTest *****************************************
2023-02-02 14:25:56 INFO  Log:12 - =====================================LoginPageTest TEST START=========================================
2023-02-02 14:25:56 INFO  Log:48 - entering application URL
2023-02-02 14:25:56 INFO  Log:23 - ****************************** starting test case *****************************************
2023-02-02 14:25:56 INFO  Log:23 - ****************************** loginPageTitleTest *****************************************
2023-02-02 14:25:57 INFO  Log:23 - ****************************** Browser is closed *****************************************
2023-02-02 14:25:59 INFO  Log:12 - =====================================LoginPageTest TEST START=========================================
2023-02-02 14:25:59 INFO  Log:48 - entering application URL
2023-02-02 14:25:59 INFO  Log:23 - ****************************** starting test case *****************************************
2023-02-02 14:25:59 INFO  Log:23 - ****************************** swagLogoImageTest *****************************************
2023-02-02 14:26:00 INFO  Log:23 - ****************************** Browser is closed *****************************************
2023-02-02 14:26:03 INFO  Log:12 - =====================================LoginPageTest TEST START=========================================
2023-02-02 14:26:03 INFO  Log:48 - entering application URL
2023-02-02 14:26:03 INFO  Log:23 - ****************************** starting test case *****************************************
2023-02-02 14:26:03 INFO  Log:23 - ****************************** loginTest *****************************************
2023-02-02 14:26:04 INFO  Log:23 - ****************************** Browser is closed *****************************************
2023-02-02 14:27:52 INFO  Log:23 - ****************************** Starting test cases execution  *****************************************
2023-02-02 14:27:56 INFO  Log:23 - ****************************** starting test case *****************************************
2023-02-02 14:27:56 INFO  Log:23 - ****************************** loginDataTest *****************************************
2023-02-02 14:27:58 INFO  Log:23 - ****************************** Starting test cases execution  *****************************************
2023-02-02 14:28:01 INFO  Log:23 - ****************************** starting test case *****************************************
2023-02-02 14:28:01 INFO  Log:23 - ****************************** loginDataTest *****************************************
2023-02-02 14:28:22 INFO  Log:23 - ****************************** Starting test cases execution  *****************************************
2023-02-02 14:28:25 INFO  Log:23 - ****************************** starting test case *****************************************
2023-02-02 14:28:25 INFO  Log:23 - ****************************** loginDataTest *****************************************
2023-02-02 14:28:26 INFO  Log:23 - ****************************** Starting test cases execution  *****************************************
2023-02-02 14:28:29 INFO  Log:23 - ****************************** starting test case *****************************************
2023-02-02 14:28:29 INFO  Log:23 - ****************************** loginDataTest *****************************************
2023-02-02 14:28:53 INFO  Log:12 - =====================================LoginPageTest TEST START=========================================
2023-02-02 14:28:53 INFO  Log:48 - entering application URL
2023-02-02 14:28:53 INFO  Log:23 - ****************************** starting test case *****************************************
2023-02-02 14:28:53 INFO  Log:23 - ****************************** loginPageTitleTest *****************************************
2023-02-02 14:28:54 INFO  Log:23 - ****************************** Browser is closed *****************************************
2023-02-02 14:28:56 INFO  Log:12 - =====================================LoginPageTest TEST START=========================================
2023-02-02 14:28:56 INFO  Log:48 - entering application URL
2023-02-02 14:28:56 INFO  Log:23 - ****************************** starting test case *****************************************
2023-02-02 14:28:56 INFO  Log:23 - ****************************** swagLogoImageTest *****************************************
2023-02-02 14:28:57 INFO  Log:23 - ****************************** Browser is closed *****************************************
2023-02-02 14:29:00 INFO  Log:12 - =====================================LoginPageTest TEST START=========================================
2023-02-02 14:29:00 INFO  Log:48 - entering application URL
2023-02-02 14:29:00 INFO  Log:23 - ****************************** starting test case *****************************************
2023-02-02 14:29:00 INFO  Log:23 - ****************************** loginTest *****************************************
2023-02-02 14:29:02 INFO  Log:23 - ****************************** Browser is closed *****************************************
2023-02-02 14:31:24 INFO  Log:23 - ****************************** Starting test cases execution  *****************************************
2023-02-02 14:31:34 INFO  Log:23 - ****************************** starting test case *****************************************
2023-02-02 14:31:34 INFO  Log:23 - ****************************** loginDataTest *****************************************
2023-02-02 14:31:36 INFO  Log:23 - ****************************** Starting test cases execution  *****************************************
2023-02-02 14:31:38 INFO  Log:23 - ****************************** starting test case *****************************************
2023-02-02 14:31:38 INFO  Log:23 - ****************************** loginDataTest *****************************************
2023-02-02 14:32:00 INFO  Log:23 - ****************************** Starting test cases execution  *****************************************
2023-02-02 14:32:02 INFO  Log:23 - ****************************** starting test case *****************************************
2023-02-02 14:32:02 INFO  Log:23 - ****************************** loginDataTest *****************************************
2023-02-02 14:32:04 INFO  Log:23 - ****************************** Starting test cases execution  *****************************************
2023-02-02 14:32:07 INFO  Log:23 - ****************************** starting test case *****************************************
2023-02-02 14:32:07 INFO  Log:23 - ****************************** loginDataTest *****************************************
2023-02-02 14:32:31 INFO  Log:12 - =====================================LoginPageTest TEST START=========================================
2023-02-02 14:32:31 INFO  Log:48 - entering application URL
2023-02-02 14:32:31 INFO  Log:23 - ****************************** starting test case *****************************************
2023-02-02 14:32:31 INFO  Log:23 - ****************************** loginPageTitleTest *****************************************
2023-02-02 14:32:32 INFO  Log:23 - ****************************** Browser is closed *****************************************
2023-02-02 14:32:34 INFO  Log:12 - =====================================LoginPageTest TEST START=========================================
2023-02-02 14:32:34 INFO  Log:48 - entering application URL
2023-02-02 14:32:34 INFO  Log:23 - ****************************** starting test case *****************************************
2023-02-02 14:32:34 INFO  Log:23 - ****************************** swagLogoImageTest *****************************************
2023-02-02 14:32:35 INFO  Log:23 - ****************************** Browser is closed *****************************************
2023-02-02 14:32:38 INFO  Log:12 - =====================================LoginPageTest TEST START=========================================
2023-02-02 14:32:38 INFO  Log:48 - entering application URL
2023-02-02 14:32:38 INFO  Log:23 - ****************************** starting test case *****************************************
2023-02-02 14:32:38 INFO  Log:23 - ****************************** loginTest *****************************************
2023-02-02 14:32:39 INFO  Log:23 - ****************************** Browser is closed *****************************************
2023-02-02 14:39:09 INFO  Log:23 - ****************************** Starting test cases execution  *****************************************
2023-02-02 14:39:13 INFO  Log:23 - ****************************** starting test case *****************************************
2023-02-02 14:39:13 INFO  Log:23 - ****************************** loginDataTest *****************************************
2023-02-02 14:39:15 INFO  Log:23 - ****************************** Starting test cases execution  *****************************************
2023-02-02 14:39:17 INFO  Log:23 - ****************************** starting test case *****************************************
2023-02-02 14:39:17 INFO  Log:23 - ****************************** loginDataTest *****************************************
2023-02-02 14:39:39 INFO  Log:23 - ****************************** Starting test cases execution  *****************************************
2023-02-02 14:39:42 INFO  Log:23 - ****************************** starting test case *****************************************
2023-02-02 14:39:42 INFO  Log:23 - ****************************** loginDataTest *****************************************
2023-02-02 14:39:43 INFO  Log:23 - ****************************** Starting test cases execution  *****************************************
2023-02-02 14:39:46 INFO  Log:23 - ****************************** starting test case *****************************************
2023-02-02 14:39:46 INFO  Log:23 - ****************************** loginDataTest *****************************************
2023-02-02 14:40:10 INFO  Log:12 - =====================================LoginPageTest TEST START=========================================
2023-02-02 14:40:10 INFO  Log:48 - entering application URL
2023-02-02 14:40:10 INFO  Log:23 - ****************************** starting test case *****************************************
2023-02-02 14:40:10 INFO  Log:23 - ****************************** loginPageTitleTest *****************************************
2023-02-02 14:40:11 INFO  Log:23 - ****************************** Browser is closed *****************************************
2023-02-02 14:40:13 INFO  Log:12 - =====================================LoginPageTest TEST START=========================================
2023-02-02 14:40:13 INFO  Log:48 - entering application URL
2023-02-02 14:40:13 INFO  Log:23 - ****************************** starting test case *****************************************
2023-02-02 14:40:13 INFO  Log:23 - ****************************** swagLogoImageTest *****************************************
2023-02-02 14:40:14 INFO  Log:23 - ****************************** Browser is closed *****************************************
2023-02-02 14:40:17 INFO  Log:12 - =====================================LoginPageTest TEST START=========================================
2023-02-02 14:40:17 INFO  Log:48 - entering application URL
2023-02-02 14:40:17 INFO  Log:23 - ****************************** starting test case *****************************************
2023-02-02 14:40:17 INFO  Log:23 - ****************************** loginTest *****************************************
2023-02-02 14:40:18 INFO  Log:23 - ****************************** Browser is closed *****************************************
2023-02-02 14:54:16 INFO  Log:23 - ****************************** Starting test cases execution  *****************************************
2023-02-02 14:54:21 INFO  Log:23 - ****************************** starting test case *****************************************
2023-02-02 14:54:21 INFO  Log:23 - ****************************** loginDataTest *****************************************
2023-02-02 14:54:22 INFO  Log:23 - ****************************** Starting test cases execution  *****************************************
2023-02-02 14:54:25 INFO  Log:23 - ****************************** starting test case *****************************************
2023-02-02 14:54:25 INFO  Log:23 - ****************************** loginDataTest *****************************************
2023-02-02 14:54:49 INFO  Log:23 - ****************************** Starting test cases execution  *****************************************
2023-02-02 14:54:51 INFO  Log:23 - ****************************** starting test case *****************************************
2023-02-02 14:54:51 INFO  Log:23 - ****************************** loginDataTest *****************************************
2023-02-02 14:54:53 INFO  Log:23 - ****************************** Starting test cases execution  *****************************************
2023-02-02 14:54:56 INFO  Log:23 - ****************************** starting test case *****************************************
2023-02-02 14:54:56 INFO  Log:23 - ****************************** loginDataTest *****************************************
2023-02-02 14:55:20 INFO  Log:12 - =====================================LoginPageTest TEST START=========================================
2023-02-02 14:55:20 INFO  Log:48 - entering application URL
2023-02-02 14:55:20 INFO  Log:23 - ****************************** starting test case *****************************************
2023-02-02 14:55:20 INFO  Log:23 - ****************************** loginPageTitleTest *****************************************
2023-02-02 14:55:20 INFO  Log:23 - ****************************** Browser is closed *****************************************
2023-02-02 14:55:23 INFO  Log:12 - =====================================LoginPageTest TEST START=========================================
2023-02-02 14:55:23 INFO  Log:48 - entering application URL
2023-02-02 14:55:23 INFO  Log:23 - ****************************** starting test case *****************************************
2023-02-02 14:55:23 INFO  Log:23 - ****************************** swagLogoImageTest *****************************************
2023-02-02 14:55:24 INFO  Log:23 - ****************************** Browser is closed *****************************************
2023-02-02 14:55:26 INFO  Log:12 - =====================================LoginPageTest TEST START=========================================
2023-02-02 14:55:26 INFO  Log:48 - entering application URL
2023-02-02 14:55:26 INFO  Log:23 - ****************************** starting test case *****************************************
2023-02-02 14:55:26 INFO  Log:23 - ****************************** loginTest *****************************************
2023-02-02 14:55:28 INFO  Log:23 - ****************************** Browser is closed *****************************************
2023-02-02 14:59:29 INFO  Log:23 - ****************************** Starting test cases execution  *****************************************
2023-02-02 14:59:32 INFO  Log:23 - ****************************** starting test case *****************************************
2023-02-02 14:59:32 INFO  Log:23 - ****************************** loginDataTest *****************************************
2023-02-02 14:59:34 INFO  Log:23 - ****************************** Starting test cases execution  *****************************************
2023-02-02 14:59:37 INFO  Log:23 - ****************************** starting test case *****************************************
2023-02-02 14:59:37 INFO  Log:23 - ****************************** loginDataTest *****************************************
2023-02-02 14:59:58 INFO  Log:23 - ****************************** Starting test cases execution  *****************************************
2023-02-02 15:00:01 INFO  Log:23 - ****************************** starting test case *****************************************
2023-02-02 15:00:01 INFO  Log:23 - ****************************** loginDataTest *****************************************
2023-02-02 15:00:03 INFO  Log:23 - ****************************** Starting test cases execution  *****************************************
2023-02-02 15:00:05 INFO  Log:23 - ****************************** starting test case *****************************************
2023-02-02 15:00:05 INFO  Log:23 - ****************************** loginDataTest *****************************************
2023-02-02 15:00:29 INFO  Log:12 - =====================================LoginPageTest TEST START=========================================
2023-02-02 15:00:29 INFO  Log:48 - entering application URL
2023-02-02 15:00:29 INFO  Log:23 - ****************************** starting test case *****************************************
2023-02-02 15:00:29 INFO  Log:23 - ****************************** loginPageTitleTest *****************************************
2023-02-02 15:00:30 INFO  Log:23 - ****************************** Browser is closed *****************************************
2023-02-02 15:00:33 INFO  Log:12 - =====================================LoginPageTest TEST START=========================================
2023-02-02 15:00:33 INFO  Log:48 - entering application URL
2023-02-02 15:00:33 INFO  Log:23 - ****************************** starting test case *****************************************
2023-02-02 15:00:33 INFO  Log:23 - ****************************** swagLogoImageTest *****************************************
2023-02-02 15:00:34 INFO  Log:23 - ****************************** Browser is closed *****************************************
2023-02-02 15:00:36 INFO  Log:12 - =====================================LoginPageTest TEST START=========================================
2023-02-02 15:00:36 INFO  Log:48 - entering application URL
2023-02-02 15:00:36 INFO  Log:23 - ****************************** starting test case *****************************************
2023-02-02 15:00:36 INFO  Log:23 - ****************************** loginTest *****************************************
2023-02-02 15:00:38 INFO  Log:23 - ****************************** Browser is closed *****************************************
2023-02-02 15:09:54 INFO  Log:23 - ****************************** Starting test cases execution  *****************************************
2023-02-02 15:09:58 INFO  Log:23 - ****************************** starting test case *****************************************
2023-02-02 15:09:58 INFO  Log:23 - ****************************** loginDataTest *****************************************
2023-02-02 15:10:00 INFO  Log:23 - ****************************** Starting test cases execution  *****************************************
2023-02-02 15:10:03 INFO  Log:23 - ****************************** starting test case *****************************************
2023-02-02 15:10:03 INFO  Log:23 - ****************************** loginDataTest *****************************************
2023-02-02 15:10:24 INFO  Log:23 - ****************************** Starting test cases execution  *****************************************
2023-02-02 15:10:27 INFO  Log:23 - ****************************** starting test case *****************************************
2023-02-02 15:10:27 INFO  Log:23 - ****************************** loginDataTest *****************************************
2023-02-02 15:10:29 INFO  Log:23 - ****************************** Starting test cases execution  *****************************************
2023-02-02 15:10:31 INFO  Log:23 - ****************************** starting test case *****************************************
2023-02-02 15:10:31 INFO  Log:23 - ****************************** loginDataTest *****************************************
2023-02-02 15:10:55 INFO  Log:12 - =====================================LoginPageTest TEST START=========================================
2023-02-02 15:10:55 INFO  Log:48 - entering application URL
2023-02-02 15:10:55 INFO  Log:23 - ****************************** starting test case *****************************************
2023-02-02 15:10:55 INFO  Log:23 - ****************************** loginPageTitleTest *****************************************
2023-02-02 15:10:56 INFO  Log:23 - ****************************** Browser is closed *****************************************
2023-02-02 15:10:59 INFO  Log:12 - =====================================LoginPageTest TEST START=========================================
2023-02-02 15:10:59 INFO  Log:48 - entering application URL
2023-02-02 15:10:59 INFO  Log:23 - ****************************** starting test case *****************************************
2023-02-02 15:10:59 INFO  Log:23 - ****************************** swagLogoImageTest *****************************************
2023-02-02 15:11:00 INFO  Log:23 - ****************************** Browser is closed *****************************************
2023-02-02 15:11:03 INFO  Log:12 - =====================================LoginPageTest TEST START=========================================
2023-02-02 15:11:03 INFO  Log:48 - entering application URL
2023-02-02 15:11:03 INFO  Log:23 - ****************************** starting test case *****************************************
2023-02-02 15:11:03 INFO  Log:23 - ****************************** loginTest *****************************************
2023-02-02 15:11:04 INFO  Log:23 - ****************************** Browser is closed *****************************************
2023-02-02 15:12:55 INFO  Log:12 - =====================================LoginPageTest TEST START=========================================
2023-02-02 15:12:55 INFO  Log:48 - entering application URL
2023-02-02 15:12:55 INFO  Log:23 - ****************************** starting test case *****************************************
2023-02-02 15:12:55 INFO  Log:23 - ****************************** loginPageTitleTest *****************************************
2023-02-02 15:12:56 INFO  Log:23 - ****************************** Browser is closed *****************************************
2023-02-02 15:12:57 INFO  Log:23 - ****************************** Starting test cases execution  *****************************************
2023-02-02 15:12:59 INFO  Log:23 - ****************************** starting test case *****************************************
2023-02-02 15:12:59 INFO  Log:23 - ****************************** loginDataTest *****************************************
2023-02-02 15:13:01 INFO  Log:23 - ****************************** Starting test cases execution  *****************************************
2023-02-02 15:13:04 INFO  Log:23 - ****************************** starting test case *****************************************
2023-02-02 15:13:04 INFO  Log:23 - ****************************** loginDataTest *****************************************
2023-02-02 15:13:25 INFO  Log:23 - ****************************** Starting test cases execution  *****************************************
2023-02-02 15:13:28 INFO  Log:23 - ****************************** starting test case *****************************************
2023-02-02 15:13:28 INFO  Log:23 - ****************************** loginDataTest *****************************************
2023-02-02 15:13:30 INFO  Log:23 - ****************************** Starting test cases execution  *****************************************
2023-02-02 15:13:32 INFO  Log:23 - ****************************** starting test case *****************************************
2023-02-02 15:13:32 INFO  Log:23 - ****************************** loginDataTest *****************************************
2023-02-02 15:13:57 INFO  Log:12 - =====================================LoginPageTest TEST START=========================================
2023-02-02 15:13:57 INFO  Log:48 - entering application URL
2023-02-02 15:13:57 INFO  Log:23 - ****************************** starting test case *****************************************
2023-02-02 15:13:57 INFO  Log:23 - ****************************** swagLogoImageTest *****************************************
2023-02-02 15:13:58 INFO  Log:23 - ****************************** Browser is closed *****************************************
2023-02-02 15:14:00 INFO  Log:12 - =====================================LoginPageTest TEST START=========================================
2023-02-02 15:14:00 INFO  Log:48 - entering application URL
2023-02-02 15:14:00 INFO  Log:23 - ****************************** starting test case *****************************************
2023-02-02 15:14:00 INFO  Log:23 - ****************************** loginTest *****************************************
2023-02-02 15:14:02 INFO  Log:23 - ****************************** Browser is closed *****************************************
2023-02-02 15:14:02 DEBUG cache:45 - Couldn't find template in cache for "Extent.ftl"("en_US", UTF-8, parsed); will try to load it.
2023-02-02 15:14:02 DEBUG cache:45 - TemplateLoader.findTemplateSource("Extent_en_US.ftl"): Not found
2023-02-02 15:14:02 DEBUG cache:45 - TemplateLoader.findTemplateSource("Extent_en.ftl"): Not found
2023-02-02 15:14:02 DEBUG cache:45 - TemplateLoader.findTemplateSource("Extent.ftl"): Found
2023-02-02 15:14:02 DEBUG cache:45 - Loading template for "Extent.ftl"("en_US", UTF-8, parsed) from "jar:file:/C:/Users/USER/.m2/repository/com/relevantcodes/extentreports/2.41.2/extentreports-2.41.2.jar!/com/relevantcodes/extentreports/view/Extent.ftl"
2023-02-02 15:14:02 DEBUG cache:45 - Couldn't find template in cache for "Extent.ftl"("en_US", UTF-8, parsed); will try to load it.
2023-02-02 15:14:02 DEBUG cache:45 - TemplateLoader.findTemplateSource("Extent_en_US.ftl"): Not found
2023-02-02 15:14:02 DEBUG cache:45 - TemplateLoader.findTemplateSource("Extent_en.ftl"): Not found
2023-02-02 15:14:02 DEBUG cache:45 - TemplateLoader.findTemplateSource("Extent.ftl"): Found
2023-02-02 15:14:02 DEBUG cache:45 - Loading template for "Extent.ftl"("en_US", UTF-8, parsed) from "jar:file:/C:/Users/USER/.m2/repository/com/relevantcodes/extentreports/2.41.2/extentreports-2.41.2.jar!/com/relevantcodes/extentreports/view/Extent.ftl"
